{"data": {"id": "941ca74d6afe8f163ee1d71ae645ecb5f57e0d10228616e5201feefde33e7517", "type": "file", "links": {"self": "https://www.virustotal.com/api/v3/files/941ca74d6afe8f163ee1d71ae645ecb5f57e0d10228616e5201feefde33e7517"}, "attributes": {"tlsh": "T1770833BCC2DA99AFCA8809364067B7BF63D82EED36B1144DD5845F4539D24C62CFA063", "last_modification_date": 1733374688, "authentihash": "9fedc8e3f92719d1ab04798b4a0e5814934c8acca62fcf0d2123d97d27c5ceb4", "filecondis": {"raw_md5": "610d1679b6704a0532568b728c5d39e8", "dhash": "0000001c1d160400"}, "detectiteasy": {"filetype": "PE32", "values": [{"info": "zlib,solid", "version": "3.08", "type": "Installer", "name": "Nullsoft Scriptable Install System"}, {"info": "C", "version": "12.20.9044", "type": "Compiler", "name": "Microsoft Visual C/C++"}, {"version": "6.0", "type": "Linker", "name": "Microsoft Linker"}, {"type": "Tool", "name": "Visual Studio"}]}, "unique_sources": 1135, "type_description": "Win32 EXE", "type_tag": "peexe", "signature_info": {"product": "Wireshark", "verified": "Signed", "description": "Wireshark installer for 64-bit Windows", "file version": "3.6.7.0", "signing date": "07:59 PM 07/27/2022", "x509": [{"valid usage": "Code Signing", "thumbprint_sha256": "7DB9F7402A523DD338663B33D55AAD0DD08CB67E687DF0D4D98E7C5FCA27EFD1", "name": "Sectigo Public Code Signing Root R46", "algorithm": "sha384RSA", "thumbprint_md5": "2AA320982E00193FAD3BD0EA5406E4CD", "valid from": "2021-05-25 00:00:00", "valid to": "2028-12-31 23:59:59", "serial number": "48 FC 93 B4 60 55 94 8D 36 A7 C9 8A 89 D6 94 16", "cert issuer": "AAA Certificate Services", "thumbprint": "329B78A5C9EBC2043242DE90CE1B7C6B1BA6C692"}, {"valid usage": "Code Signing", "thumbprint_sha256": "7FB0F58D71130ABE724969F1CDC9B6A8D3274DA18D059229B009A5B9B5557445", "name": "Sectigo Public Code Signing CA R36", "algorithm": "sha384RSA", "thumbprint_md5": "E88A7F88DD89C62A2BB99CC988D2D2A4", "valid from": "2021-03-22 00:00:00", "valid to": "2036-03-21 23:59:59", "serial number": "62 1D 6D 0C 52 01 9E 3B 90 79 15 20 89 21 1C 0A", "cert issuer": "Sectigo Public Code Signing Root R46", "thumbprint": "0BC5E76773D2E44FC9903D4DFEFE451553BBEC4A"}, {"valid usage": "Code Signing", "thumbprint_sha256": "1BAD0C6C8EAA2803FF4DED5B6588EEF1DAF9311D1AAF5968187078FC6ECEABAB", "name": "Sysdig, Inc.", "algorithm": "sha384RSA", "thumbprint_md5": "228CEAFA6492E953127E064B746746D0", "valid from": "2022-03-21 00:00:00", "valid to": "2023-03-21 23:59:59", "serial number": "E2 02 82 FB AC AE 11 A7 E8 94 68 EC 13 5B 9B 4E", "cert issuer": "Sectigo Public Code Signing CA R36", "thumbprint": "A6945BD2A578A79ABC21D43ADBD750FDA42F5536"}, {"valid usage": "Timestamp Signing", "thumbprint_sha256": "F3516DDCC8AFC808788BD8B0E840BDA2B5E23C6244252CA3000BB6C87170402A", "name": "Symantec SHA256 TimeStamping CA", "algorithm": "sha256RSA", "thumbprint_md5": "02981385E870CD8E9420FB54C1DFEF50", "valid from": "2016-01-12 00:00:00", "valid to": "2031-01-11 23:59:59", "serial number": "7B 05 B1 D4 49 68 51 44 F7 C9 89 D2 9C 19 9D 12", "cert issuer": "VeriSign Universal Root Certification Authority", "thumbprint": "6FC9EDB5E00AB64151C1CDFCAC74AD2C7B7E3BE4"}, {"valid usage": "ff", "thumbprint_sha256": "C474CE76007D02394E0DA5E4DE7C14C680F9E282013CFEF653EF5DB71FDF61F8", "name": "Symantec SHA256 TimeStamping Signer - G3", "algorithm": "sha256RSA", "thumbprint_md5": "FF50711331E3400D4010F19C18C09E08", "valid from": "2017-12-23 00:00:00", "valid to": "2029-03-22 23:59:59", "serial number": "7B D4 E5 AF BA CC 07 3F A1 01 23 04 22 41 4D 12", "cert issuer": "Symantec SHA256 TimeStamping CA", "thumbprint": "A9A4121063D71D48E8529A4681DE803E3E7954B0"}], "comments": "It's a great product with a great story to tell. I'm pumped!", "counter signers details": [{"status": "Valid", "valid usage": "Timestamp Signing", "name": "Symantec SHA256 TimeStamping Signer - G3", "algorithm": "sha256RSA", "valid from": "12:00 AM 12/23/2017", "valid to": "11:59 PM 03/22/2029", "serial number": "7B D4 E5 AF BA CC 07 3F A1 01 23 04 22 41 4D 12", "cert issuer": "Symantec SHA256 TimeStamping CA", "thumbprint": "A9A4121063D71D48E8529A4681DE803E3E7954B0"}, {"status": "Valid", "valid usage": "Timestamp Signing", "name": "Symantec SHA256 TimeStamping CA", "algorithm": "sha256RSA", "valid from": "12:00 AM 01/12/2016", "valid to": "11:59 PM 01/11/2031", "serial number": "7B 05 B1 D4 49 68 51 44 F7 C9 89 D2 9C 19 9D 12", "cert issuer": "VeriSign Universal Root Certification Authority", "thumbprint": "6FC9EDB5E00AB64151C1CDFCAC74AD2C7B7E3BE4"}, {"status": "Valid", "valid usage": "Client Auth, Code Signing, Email Protection, Server Auth, Timestamp Signing", "name": "VeriSign Universal Root Certification Authority", "algorithm": "sha256RSA", "valid from": "12:00 AM 04/02/2008", "valid to": "11:59 PM 12/01/2037", "serial number": "40 1A C4 64 21 B3 13 21 03 0E BB E4 12 1A C5 1D", "cert issuer": "VeriSign Universal Root Certification Authority", "thumbprint": "3679CA35668772304D30A5FB873B0FA77BB70D54"}], "counter signers": "Symantec SHA256 TimeStamping Signer - G3; Symantec SHA256 TimeStamping CA; VeriSign Universal Root Certification Authority", "signers": "Sysdig, Inc.; Sectigo Public Code Signing CA R36; Sectigo Public Code Signing Root R46; Sectigo (AAA)", "copyright": "\u00a9 Gerald Combs and many others", "signers details": [{"status": "This certificate or one of the certificates in the certificate chain is not time valid.", "valid usage": "Code Signing", "name": "Sysdig, Inc.", "algorithm": "sha384RSA", "valid from": "12:00 AM 03/21/2022", "valid to": "11:59 PM 03/21/2023", "serial number": "00 E2 02 82 FB AC AE 11 A7 E8 94 68 EC 13 5B 9B 4E", "cert issuer": "Sectigo Public Code Signing CA R36", "thumbprint": "A6945BD2A578A79ABC21D43ADBD750FDA42F5536"}, {"status": "Valid", "valid usage": "Code Signing", "name": "Sectigo Public Code Signing CA R36", "algorithm": "sha384RSA", "valid from": "12:00 AM 03/22/2021", "valid to": "11:59 PM 03/21/2036", "serial number": "62 1D 6D 0C 52 01 9E 3B 90 79 15 20 89 21 1C 0A", "cert issuer": "Sectigo Public Code Signing Root R46", "thumbprint": "0BC5E76773D2E44FC9903D4DFEFE451553BBEC4A"}, {"status": "Valid", "valid usage": "Code Signing", "name": "Sectigo Public Code Signing Root R46", "algorithm": "sha384RSA", "valid from": "12:00 AM 05/25/2021", "valid to": "11:59 PM 12/31/2028", "serial number": "48 FC 93 B4 60 55 94 8D 36 A7 C9 8A 89 D6 94 16", "cert issuer": "AAA Certificate Services", "thumbprint": "329B78A5C9EBC2043242DE90CE1B7C6B1BA6C692"}, {"status": "Valid", "valid usage": "Client Auth, Code Signing, EFS, Email Protection, IPSEC Tunnel, IPSEC User, Server Auth, Timestamp Signing", "name": "Sectigo (AAA)", "algorithm": "sha1RSA", "valid from": "12:00 AM 01/01/2004", "valid to": "11:59 PM 12/31/2028", "serial number": "01", "cert issuer": "AAA Certificate Services", "thumbprint": "D1EB23A46D17D68FD92564C2F1F1601764D8E349"}]}, "trid": [{"file_type": "Win64 Executable (generic)", "probability": 37.3}, {"file_type": "Win16 NE executable (generic)", "probability": 17.8}, {"file_type": "Win32 Executable (generic)", "probability": 15.9}, {"file_type": "Windows Icons Library (generic)", "probability": 7.3}, {"file_type": "OS/2 Executable (generic)", "probability": 7.2}], "sandbox_verdicts": {"Zenbox": {"category": "harmless", "confidence": 1, "sandbox_name": "Zenbox", "malware_classification": ["CLEAN"]}}, "reputation": 2, "vhash": "077056655d1c0550d043z800417z57z62z4gz", "last_analysis_stats": {"malicious": 0, "suspicious": 0, "undetected": 69, "harmless": 0, "timeout": 1, "confirmed-timeout": 0, "failure": 0, "type-unsupported": 6}, "first_submission_date": 1658958462, "magika": "PEBIN", "sigma_analysis_stats": {"high": 1, "medium": 1, "critical": 0, "low": 2}, "total_votes": {"harmless": 2, "malicious": 0}, "ssdeep": "1572864:FpPBWSM0iy4AT5LF+mduA7wAzI9m1RS826b/U3F3yylhqMDHV1+M4qO:FpPgSYXAT9gmduA717k6byh1DGL", "tags": ["direct-cpu-clock-access", "peexe", "signed", "runtime-modules", "overlay"], "first_seen_itw_date": 1632581807, "meaningful_name": "Wireshark-win64-3.6.7.exe", "pe_info": {"timestamp": 1632607007, "imphash": "61259b55b8912888e90f516ca08dc514", "machine_type": 332, "entry_point": 13888, "resource_details": [{"lang": "ENGLISH US", "chi2": 99293.49, "filetype": "unknown", "entropy": 2.826326608657837, "sha256": "0e90a9e4b8f3a5bf990e8aadfd8096ad7aeaf1a4e032ac7b6395ce191d61c142", "type": "RT_BITMAP"}, {"lang": "ENGLISH US", "chi2": 10321344.0, "filetype": "unknown", "entropy": 5.0558247566223145, "sha256": "acea65d64e3361f73def7e0ce9c0c36a3f4239afe4d2c224da1ace1ed9784fc3", "type": "RT_ICON"}, {"lang": "ENGLISH US", "chi2": 306283.59, "filetype": "unknown", "entropy": 5.389285564422607, "sha256": "0e0b99996ce4be1a03ee329cfbead335d56fd00a747f51dda99434e02381224b", "type": "RT_ICON"}, {"lang": "ENGLISH US", "chi2": 112698.52, "filetype": "unknown", "entropy": 5.532286167144775, "sha256": "e3b6cd28f1d30b650c4d846ba80118df729b5c349f85ed90f067855781e605f1", "type": "RT_ICON"}, {"lang": "ENGLISH US", "chi2": 59312.22, "filetype": "unknown", "entropy": 5.692155838012695, "sha256": "66d84f2efc11bfe1828706c6d50e84c72ba989d76773f132428f9a5094a13dc8", "type": "RT_ICON"}, {"lang": "ENGLISH US", "chi2": 25589.06, "filetype": "unknown", "entropy": 5.788960933685303, "sha256": "8a3cec7877574d0a7370e737feb87143ee1d598d3bfdd265980fb42e50ee9521", "type": "RT_ICON"}, {"lang": "ENGLISH US", "chi2": 189720.0, "filetype": "unknown", "entropy": 0.0, "sha256": "1b66520d471367f736d50c070a2e2bba8ad88ac58743394a764b888e9cb6f6be", "type": "RT_ICON"}, {"lang": "ENGLISH US", "chi2": 75480.0, "filetype": "unknown", "entropy": 0.0, "sha256": "250f52cb2d6f1966a29f6ac771fa1cd185b8f8531396c8a4026c0fe635617e0c", "type": "RT_ICON"}, {"lang": "ENGLISH US", "chi2": 18877.78, "filetype": "unknown", "entropy": 2.7181291580200195, "sha256": "7854e8d67a11148566ad37c5d23e1534e0990fe31a160e0e7da3ca751830bb50", "type": "RT_DIALOG"}, {"lang": "ENGLISH US", "chi2": 32287.99, "filetype": "unknown", "entropy": 2.5619328022003174, "sha256": "c50631fc1f8425a95fd1edcc8e730d339e193a38f18d42372c32847a5ad2c016", "type": "RT_DIALOG"}, {"lang": "ENGLISH US", "chi2": 38774.94, "filetype": "unknown", "entropy": 2.6728451251983643, "sha256": "5fa7add88fb2e0d095207c87603cfe3339f6211ce67900a0cf5af4253ba0bcb3", "type": "RT_DIALOG"}, {"lang": "ENGLISH US", "chi2": 52568.7, "filetype": "unknown", "entropy": 2.7389302253723145, "sha256": "425b8270f7ca42a927eae6bea468acf414a3e4b58b5ba2c56aaae4d1b2c11014", "type": "RT_DIALOG"}, {"lang": "ENGLISH US", "chi2": 24856.54, "filetype": "unknown", "entropy": 2.9114809036254883, "sha256": "4a55bd714f5d50cd8eabba10e57f0618f1842717dcfa582d73a917b1933cd1d4", "type": "RT_DIALOG"}, {"lang": "ENGLISH US", "chi2": 22195.37, "filetype": "unknown", "entropy": 2.9276676177978516, "sha256": "587a03198c39f990e77691056bb5705e21374281862ce06de94c68172f50f763", "type": "RT_DIALOG"}, {"lang": "ENGLISH US", "chi2": 11657.23, "filetype": "ICO", "entropy": 2.1320862770080566, "sha256": "17756eeea56a209a5407823c1b5aa761bfc3a87612650a5c87182b7f8554b095", "type": "RT_GROUP_ICON"}, {"lang": "ENGLISH US", "chi2": 84125.27, "filetype": "unknown", "entropy": 3.3621158599853516, "sha256": "f1c43589f64acaa2cab0eed32c26fddfcdfc1cf86bdceccd122cd27e0780d364", "type": "RT_VERSION"}, {"lang": "ENGLISH US", "chi2": 9324.18, "filetype": "XML", "entropy": 5.279074668884277, "sha256": "eee2d3511830c693da449f2bacff295f0eda873f27c04895d2de3efa4f46e36e", "type": "RT_MANIFEST"}], "resource_langs": {"ENGLISH US": 17}, "resource_types": {"RT_DIALOG": 6, "RT_ICON": 7, "RT_MANIFEST": 1, "RT_BITMAP": 1, "RT_VERSION": 1, "RT_GROUP_ICON": 1}, "overlay": {"chi2": 279.7, "filetype": "unknown", "entropy": 7.999997138977051, "offset": 330240, "md5": "e220318ddcc32db8e9186d7ab6520d7e", "size": 76926376}, "sections": [{"name": ".text", "chi2": 211543.47, "virtual_address": 4096, "entropy": 6.42, "raw_size": 26624, "flags": "rx", "virtual_size": 26230, "md5": "6f5abe9eeda26ee84b3c1ed1a6c82001"}, {"name": ".rdata", "chi2": 131632.48, "virtual_address": 32768, "entropy": 5.14, "raw_size": 5120, "flags": "r", "virtual_size": 5018, "md5": "8c5edfd8ff9cc0135e197611be38ca18"}, {"name": ".data", "chi2": 81337.14, "virtual_address": 40960, "entropy": 4.11, "raw_size": 1536, "flags": "rw", "virtual_size": 131960, "md5": "4b2421975c21b032f7ea000f5e7f9fbf"}, {"name": ".ndata", "chi2": -1.0, "virtual_address": 176128, "entropy": 0.0, "raw_size": 0, "flags": "rw", "virtual_size": 237568, "md5": "d41d8cd98f00b204e9800998ecf8427e"}, {"name": ".rsrc", "chi2": 11305456.0, "virtual_address": 413696, "entropy": 5.08, "raw_size": 295936, "flags": "r", "virtual_size": 295776, "md5": "f94cda1628bc66860e64a0a94f9cd4fd"}], "compiler_product_versions": ["[ C ] Windows Server 2003 SP1 DDK build 4035 count=2", "[---] Unmarked objects count=165", "[IMP] Windows Server 2003 SP1 DDK build 4035 count=15", "[RES] VS98 (6.0) SP6 cvtres build 1736 count=1", "id: 0x30, version: 9044 count=10"], "rich_pe_header_hash": "f05a488cd83d3aa2b72c1ddefe58cfce", "import_list": [{"library_name": "ADVAPI32.dll", "imported_functions": ["AdjustTokenPrivileges", "LookupPrivilegeValueW", "OpenProcessToken", "RegCloseKey", "RegCreateKeyExW", "RegDeleteKeyW", "RegDeleteValueW", "RegEnumKeyW", "RegEnumValueW", "RegOpenKeyExW", "RegQueryValueExW", "RegSetValueExW", "SetFileSecurityW"]}, {"library_name": "SHELL32.dll", "imported_functions": ["SHBrowseForFolderW", "ShellExecuteExW", "SHFileOperationW", "SHGetFileInfoW", "SHGetPathFromIDListW", "SHGetSpecialFolderLocation"]}, {"library_name": "ole32.dll", "imported_functions": ["CoCreateInstance", "CoTaskMemFree", "IIDFromString", "OleInitialize", "OleUninitialize"]}, {"library_name": "COMCTL32.dll", "imported_functions": ["ImageList_AddMasked", "ImageList_Create", "ImageList_Destroy", "Ord(17)"]}, {"library_name": "USER32.dll", "imported_functions": ["AppendMenuW", "BeginPaint", "CallWindowProcW", "CharNextA", "CharNextW", "CharPrevW", "CheckDlgButton", "CloseClipboard", "CreateDialogParamW", "CreatePopupMenu", "CreateWindowExW", "DefWindowProcW", "DestroyWindow", "DialogBoxParamW", "DispatchMessageW", "DrawTextW", "EmptyClipboard", "EnableMenuItem", "EnableWindow", "EndDialog", "EndPaint", "ExitWindowsEx", "FillRect", "FindWindowExW", "GetClassInfoW", "GetClientRect", "GetDC", "GetDlgItem", "GetDlgItemTextW", "GetMessagePos", "GetSysColor", "GetSystemMenu", "GetSystemMetrics", "GetWindowLongW", "GetWindowRect", "InvalidateRect", "IsWindow", "IsWindowEnabled", "IsWindowVisible", "LoadCursorW", "LoadImageW", "MessageBoxIndirectW", "OpenClipboard", "PeekMessageW", "PostQuitMessage", "RegisterClassW", "ReleaseDC", "ScreenToClient", "SendMessageTimeoutW", "SendMessageW", "SetClassLongW", "SetClipboardData", "SetCursor", "SetDlgItemTextW", "SetForegroundWindow", "SetTimer", "SetWindowLongW", "SetWindowPos", "SetWindowTextW", "ShowWindow", "SystemParametersInfoW", "TrackPopupMenu", "wsprintfA", "wsprintfW"]}, {"library_name": "GDI32.dll", "imported_functions": ["CreateBrushIndirect", "CreateFontIndirectW", "DeleteObject", "GetDeviceCaps", "SelectObject", "SetBkColor", "SetBkMode", "SetTextColor"]}, {"library_name": "KERNEL32.dll", "imported_functions": ["CloseHandle", "CompareFileTime", "CopyFileW", "CreateDirectoryW", "CreateFileW", "CreateProcessW", "CreateThread", "DeleteFileW", "ExitProcess", "ExpandEnvironmentStringsW", "FindClose", "FindFirstFileW", "FindNextFileW", "FreeLibrary", "GetCommandLineW", "GetCurrentProcess", "GetDiskFreeSpaceW", "GetExitCodeProcess", "GetFileAttributesW", "GetFileSize", "GetFullPathNameW", "GetLastError", "GetModuleFileNameW", "GetModuleHandleA", "GetModuleHandleW", "GetPrivateProfileStringW", "GetProcAddress", "GetShortPathNameW", "GetSystemDirectoryW", "GetTempFileNameW", "GetTempPathW", "GetTickCount", "GetVersionExW", "GetWindowsDirectoryW", "GlobalAlloc", "GlobalFree", "GlobalLock", "GlobalUnlock", "LoadLibraryExW", "lstrcatW", "lstrcmpiA", "lstrcmpiW", "lstrcmpW", "lstrcpyA", "lstrcpynW", "lstrlenA", "lstrlenW", "MoveFileExW", "MoveFileW", "MulDiv", "MultiByteToWideChar", "ReadFile", "RemoveDirectoryW", "SearchPathW", "SetCurrentDirectoryW", "SetEnvironmentVariableW", "SetErrorMode", "SetFileAttributesW", "SetFilePointer", "SetFileTime", "Sleep", "WaitForSingleObject", "WideCharToMultiByte", "WriteFile", "WritePrivateProfileStringW"]}]}, "sigma_analysis_summary": {"Sigma Integrated Rule Set (GitHub)": {"high": 1, "medium": 1, "critical": 0, "low": 2}}, "last_analysis_date": 1733367256, "type_tags": ["executable", "windows", "win32", "pe", "peexe"], "times_submitted": 1203, "size": 77256616, "creation_date": 1632607007, "crowdsourced_yara_results": [{"description": "NSIS Integrity Check function", "author": "kevoreilly", "ruleset_name": "NSIS", "rule_name": "NSIS", "ruleset_id": "00b547f930", "match_in_subfile": true, "source": "https://github.com/kevoreilly/CAPEv2"}, {"ruleset_id": "00b547f930", "rule_name": "NSIS", "ruleset_name": "NSIS", "description": "NSIS Integrity Check function", "author": "kevoreilly", "match_date": 1733367264, "source": "https://github.com/kevoreilly/CAPEv2"}], "last_submission_date": 1731842827, "sigma_analysis_results": [{"match_context": [{"values": {"EventID": "3", "ProcessId": "1996", "DestinationPortName": "-", "Protocol": "udp", "Initiated": "true", "DestinationIp": "255.255.255.255", "SourcePortName": "-", "Image": "C:\\Users\\admin\\AppData\\Local\\Programs\\Python\\Python37\\pythonw.exe", "RuleName": "Usermode", "DestinationHostname": "-", "UtcTime": "2022-07-27 18:12:49.649", "User": "work\\admin", "DestinationPort": "12345", "ProcessGuid": "5240FBE6-8007-62E1-3A00-000000002400", "SourcePort": "64493", "SourceIsIpv6": "false", "SourceHostname": "-", "SourceIp": "192.168.122.10", "DestinationIsIpv6": "false"}}, {"values": {"EventID": "3", "ProcessId": "1996", "DestinationPortName": "-", "Protocol": "tcp", "DestinationIp": "142.250.98.153", "Initiated": "true", "SourcePortName": "-", "Image": "C:\\Users\\admin\\AppData\\Local\\Programs\\Python\\Python37\\pythonw.exe", "RuleName": "Usermode", "DestinationHostname": "-", "UtcTime": "2022-07-27 18:13:04.653", "User": "work\\admin", "DestinationPort": "443", "ProcessGuid": "5240FBE6-8007-62E1-3A00-000000002400", "SourcePort": "49170", "SourceIsIpv6": "false", "SourceHostname": "-", "SourceIp": "192.168.122.10", "DestinationIsIpv6": "false"}}, {"values": {"EventID": "3", "ProcessId": "1996", "DestinationPortName": "-", "SourceIsIpv6": "false", "DestinationIp": "142.250.98.153", "Initiated": "true", "SourcePortName": "-", "Image": "C:\\Users\\admin\\AppData\\Local\\Programs\\Python\\Python37\\pythonw.exe", "RuleName": "Usermode", "DestinationHostname": "-", "UtcTime": "2022-07-27 18:13:04.855", "User": "work\\admin", "DestinationPort": "443", "ProcessGuid": "5240FBE6-8007-62E1-3A00-000000002400", "SourcePort": "49171", "Protocol": "tcp", "SourceHostname": "-", "SourceIp": "192.168.122.10", "DestinationIsIpv6": "false"}}, {"values": {"EventID": "3", "ProcessId": "1996", "DestinationPortName": "-", "Protocol": "tcp", "DestinationIp": "142.250.98.153", "Initiated": "true", "SourcePortName": "-", "Image": "C:\\Users\\admin\\AppData\\Local\\Programs\\Python\\Python37\\pythonw.exe", "RuleName": "Usermode", "DestinationHostname": "-", "UtcTime": "2022-07-27 18:13:05.669", "User": "work\\admin", "DestinationPort": "443", "ProcessGuid": "5240FBE6-8007-62E1-3A00-000000002400", "SourcePort": "49172", "SourceIsIpv6": "false", "SourceHostname": "-", "SourceIp": "192.168.122.10", "DestinationIsIpv6": "false"}}, {"values": {"EventID": "3", "ProcessId": "1996", "DestinationPortName": "-", "SourceIsIpv6": "false", "Initiated": "true", "DestinationIp": "142.250.98.153", "SourcePortName": "-", "Image": "C:\\Users\\admin\\AppData\\Local\\Programs\\Python\\Python37\\pythonw.exe", "RuleName": "Usermode", "DestinationHostname": "-", "UtcTime": "2022-07-27 18:13:05.792", "User": "work\\admin", "DestinationPort": "443", "ProcessGuid": "5240FBE6-8007-62E1-3A00-000000002400", "SourcePort": "49173", "Protocol": "tcp", "SourceHostname": "-", "SourceIp": "192.168.122.10", "DestinationIsIpv6": "false"}}, {"values": {"EventID": "3", "ProcessId": "1996", "DestinationPortName": "-", "Protocol": "tcp", "DestinationIp": "142.250.98.153", "Initiated": "true", "SourcePortName": "-", "Image": "C:\\Users\\admin\\AppData\\Local\\Programs\\Python\\Python37\\pythonw.exe", "RuleName": "Usermode", "DestinationHostname": "-", "UtcTime": "2022-07-27 18:13:10.851", "User": "work\\admin", "DestinationPort": "443", "ProcessGuid": "5240FBE6-8007-62E1-3A00-000000002400", "SourcePort": "49174", "SourceIsIpv6": "false", "SourceHostname": "-", "SourceIp": "192.168.122.10", "DestinationIsIpv6": "false"}}, {"values": {"EventID": "3", "ProcessId": "1996", "DestinationPortName": "-", "Protocol": "tcp", "Initiated": "true", "DestinationIp": "142.250.98.153", "SourcePortName": "-", "Image": "C:\\Users\\admin\\AppData\\Local\\Programs\\Python\\Python37\\pythonw.exe", "RuleName": "Usermode", "DestinationHostname": "-", "UtcTime": "2022-07-27 18:13:11.551", "User": "work\\admin", "DestinationPort": "443", "ProcessGuid": "5240FBE6-8007-62E1-3A00-000000002400", "SourcePort": "49175", "SourceIsIpv6": "false", "SourceHostname": "-", "SourceIp": "192.168.122.10", "DestinationIsIpv6": "false"}}, {"values": {"EventID": "3", "ProcessId": "1996", "DestinationPortName": "-", "Protocol": "tcp", "Initiated": "true", "DestinationIp": "142.250.98.153", "SourcePortName": "-", "Image": "C:\\Users\\admin\\AppData\\Local\\Programs\\Python\\Python37\\pythonw.exe", "RuleName": "Usermode", "DestinationHostname": "-", "UtcTime": "2022-07-27 18:13:16.734", "User": "work\\admin", "DestinationPort": "443", "ProcessGuid": "5240FBE6-8007-62E1-3A00-000000002400", "SourcePort": "49176", "SourceIsIpv6": "false", "SourceHostname": "-", "SourceIp": "192.168.122.10", "DestinationIsIpv6": "false"}}, {"values": {"EventID": "3", "ProcessId": "1996", "DestinationPortName": "-", "SourceIsIpv6": "false", "DestinationIp": "142.250.98.153", "Initiated": "true", "SourcePortName": "-", "Image": "C:\\Users\\admin\\AppData\\Local\\Programs\\Python\\Python37\\pythonw.exe", "RuleName": "Usermode", "DestinationHostname": "-", "UtcTime": "2022-07-27 18:13:22.301", "User": "work\\admin", "DestinationPort": "443", "ProcessGuid": "5240FBE6-8007-62E1-3A00-000000002400", "SourcePort": "49177", "Protocol": "tcp", "SourceHostname": "-", "SourceIp": "192.168.122.10", "DestinationIsIpv6": "false"}}, {"values": {"EventID": "3", "ProcessId": "1996", "DestinationPortName": "-", "SourceIsIpv6": "false", "Initiated": "true", "DestinationIp": "142.250.98.153", "SourcePortName": "-", "Image": "C:\\Users\\admin\\AppData\\Local\\Programs\\Python\\Python37\\pythonw.exe", "RuleName": "Usermode", "DestinationHostname": "-", "UtcTime": "2022-07-27 18:13:22.794", "User": "work\\admin", "DestinationPort": "443", "ProcessGuid": "5240FBE6-8007-62E1-3A00-000000002400", "SourcePort": "49178", "Protocol": "tcp", "SourceHostname": "-", "SourceIp": "192.168.122.10", "DestinationIsIpv6": "false"}}, {"values": {"EventID": "3", "ProcessId": "1996", "DestinationPortName": "-", "SourceIsIpv6": "false", "DestinationIp": "142.250.98.153", "Initiated": "true", "SourcePortName": "-", "Image": "C:\\Users\\admin\\AppData\\Local\\Programs\\Python\\Python37\\pythonw.exe", "RuleName": "Usermode", "DestinationHostname": "-", "UtcTime": "2022-07-27 18:13:27.980", "User": "work\\admin", "DestinationPort": "443", "ProcessGuid": "5240FBE6-8007-62E1-3A00-000000002400", "SourcePort": "49179", "Protocol": "tcp", "SourceHostname": "-", "SourceIp": "192.168.122.10", "DestinationIsIpv6": "false"}}, {"values": {"EventID": "3", "ProcessId": "1996", "DestinationPortName": "-", "SourceIsIpv6": "false", "DestinationIp": "142.250.98.153", "Initiated": "true", "SourcePortName": "-", "Image": "C:\\Users\\admin\\AppData\\Local\\Programs\\Python\\Python37\\pythonw.exe", "RuleName": "Usermode", "DestinationHostname": "-", "UtcTime": "2022-07-27 18:13:33.596", "User": "work\\admin", "DestinationPort": "443", "ProcessGuid": "5240FBE6-8007-62E1-3A00-000000002400", "SourcePort": "49180", "Protocol": "tcp", "SourceHostname": "-", "SourceIp": "192.168.122.10", "DestinationIsIpv6": "false"}}, {"values": {"EventID": "3", "ProcessId": "1996", "DestinationPortName": "-", "SourceIsIpv6": "false", "DestinationIp": "142.250.98.153", "Initiated": "true", "SourcePortName": "-", "Image": "C:\\Users\\admin\\AppData\\Local\\Programs\\Python\\Python37\\pythonw.exe", "RuleName": "Usermode", "DestinationHostname": "-", "UtcTime": "2022-07-27 18:13:34.342", "User": "work\\admin", "DestinationPort": "443", "ProcessGuid": "5240FBE6-8007-62E1-3A00-000000002400", "SourcePort": "49181", "Protocol": "tcp", "SourceHostname": "-", "SourceIp": "192.168.122.10", "DestinationIsIpv6": "false"}}, {"values": {"EventID": "3", "ProcessId": "1996", "DestinationPortName": "-", "Protocol": "tcp", "DestinationIp": "142.250.98.153", "Initiated": "true", "SourcePortName": "-", "Image": "C:\\Users\\admin\\AppData\\Local\\Programs\\Python\\Python37\\pythonw.exe", "RuleName": "Usermode", "DestinationHostname": "-", "UtcTime": "2022-07-27 18:13:39.546", "User": "work\\admin", "DestinationPort": "443", "ProcessGuid": "5240FBE6-8007-62E1-3A00-000000002400", "SourcePort": "49182", "SourceIsIpv6": "false", "SourceHostname": "-", "SourceIp": "192.168.122.10", "DestinationIsIpv6": "false"}}, {"values": {"EventID": "3", "ProcessId": "1996", "DestinationPortName": "-", "SourceIsIpv6": "false", "DestinationIp": "142.250.98.153", "Initiated": "true", "SourcePortName": "-", "Image": "C:\\Users\\admin\\AppData\\Local\\Programs\\Python\\Python37\\pythonw.exe", "RuleName": "Usermode", "DestinationHostname": "-", "UtcTime": "2022-07-27 18:13:45.164", "User": "work\\admin", "DestinationPort": "443", "ProcessGuid": "5240FBE6-8007-62E1-3A00-000000002400", "SourcePort": "49183", "Protocol": "tcp", "SourceHostname": "-", "SourceIp": "192.168.122.10", "DestinationIsIpv6": "false"}}, {"values": {"EventID": "3", "ProcessId": "1996", "DestinationPortName": "-", "SourceIsIpv6": "false", "DestinationIp": "142.250.98.153", "Initiated": "true", "SourcePortName": "-", "Image": "C:\\Users\\admin\\AppData\\Local\\Programs\\Python\\Python37\\pythonw.exe", "RuleName": "Usermode", "DestinationHostname": "-", "UtcTime": "2022-07-27 18:13:45.659", "User": "work\\admin", "DestinationPort": "443", "ProcessGuid": "5240FBE6-8007-62E1-3A00-000000002400", "SourcePort": "49184", "Protocol": "tcp", "SourceHostname": "-", "SourceIp": "192.168.122.10", "DestinationIsIpv6": "false"}}, {"values": {"EventID": "3", "ProcessId": "1996", "DestinationPortName": "-", "Protocol": "tcp", "Initiated": "true", "DestinationIp": "142.250.98.153", "SourcePortName": "-", "Image": "C:\\Users\\admin\\AppData\\Local\\Programs\\Python\\Python37\\pythonw.exe", "RuleName": "Usermode", "DestinationHostname": "-", "UtcTime": "2022-07-27 18:13:50.843", "User": "work\\admin", "DestinationPort": "443", "ProcessGuid": "5240FBE6-8007-62E1-3A00-000000002400", "SourcePort": "49185", "SourceIsIpv6": "false", "SourceHostname": "-", "SourceIp": "192.168.122.10", "DestinationIsIpv6": "false"}}, {"values": {"EventID": "3", "ProcessId": "1996", "DestinationPortName": "-", "SourceIsIpv6": "false", "Initiated": "true", "DestinationIp": "142.250.98.153", "SourcePortName": "-", "Image": "C:\\Users\\admin\\AppData\\Local\\Programs\\Python\\Python37\\pythonw.exe", "RuleName": "Usermode", "DestinationHostname": "-", "UtcTime": "2022-07-27 18:13:56.488", "User": "work\\admin", "DestinationPort": "443", "ProcessGuid": "5240FBE6-8007-62E1-3A00-000000002400", "SourcePort": "49186", "Protocol": "tcp", "SourceHostname": "-", "SourceIp": "192.168.122.10", "DestinationIsIpv6": "false"}}, {"values": {"EventID": "3", "ProcessId": "1996", "DestinationPortName": "-", "SourceIsIpv6": "false", "Initiated": "true", "DestinationIp": "142.250.98.153", "SourcePortName": "-", "Image": "C:\\Users\\admin\\AppData\\Local\\Programs\\Python\\Python37\\pythonw.exe", "RuleName": "Usermode", "DestinationHostname": "-", "UtcTime": "2022-07-27 18:13:57.117", "User": "work\\admin", "DestinationPort": "443", "ProcessGuid": "5240FBE6-8007-62E1-3A00-000000002400", "SourcePort": "49187", "Protocol": "tcp", "SourceHostname": "-", "SourceIp": "192.168.122.10", "DestinationIsIpv6": "false"}}, {"values": {"EventID": "3", "ProcessId": "1996", "DestinationPortName": "-", "Protocol": "tcp", "DestinationIp": "142.250.98.153", "Initiated": "true", "SourcePortName": "-", "Image": "C:\\Users\\admin\\AppData\\Local\\Programs\\Python\\Python37\\pythonw.exe", "RuleName": "Usermode", "DestinationHostname": "-", "UtcTime": "2022-07-27 18:14:02.341", "User": "work\\admin", "DestinationPort": "443", "ProcessGuid": "5240FBE6-8007-62E1-3A00-000000002400", "SourcePort": "49188", "SourceIsIpv6": "false", "SourceHostname": "-", "SourceIp": "192.168.122.10", "DestinationIsIpv6": "false"}}, {"values": {"EventID": "3", "ProcessId": "1996", "DestinationPortName": "-", "SourceIsIpv6": "false", "Initiated": "true", "DestinationIp": "142.250.98.153", "SourcePortName": "-", "Image": "C:\\Users\\admin\\AppData\\Local\\Programs\\Python\\Python37\\pythonw.exe", "RuleName": "Usermode", "DestinationHostname": "-", "UtcTime": "2022-07-27 18:14:08.015", "User": "work\\admin", "DestinationPort": "443", "ProcessGuid": "5240FBE6-8007-62E1-3A00-000000002400", "SourcePort": "49189", "Protocol": "tcp", "SourceHostname": "-", "SourceIp": "192.168.122.10", "DestinationIsIpv6": "false"}}, {"values": {"EventID": "3", "ProcessId": "1996", "DestinationPortName": "-", "Protocol": "tcp", "DestinationIp": "142.250.98.153", "Initiated": "true", "SourcePortName": "-", "Image": "C:\\Users\\admin\\AppData\\Local\\Programs\\Python\\Python37\\pythonw.exe", "RuleName": "Usermode", "DestinationHostname": "-", "UtcTime": "2022-07-27 18:14:08.536", "User": "work\\admin", "DestinationPort": "443", "ProcessGuid": "5240FBE6-8007-62E1-3A00-000000002400", "SourcePort": "49190", "SourceIsIpv6": "false", "SourceHostname": "-", "SourceIp": "192.168.122.10", "DestinationIsIpv6": "false"}}, {"values": {"EventID": "3", "ProcessId": "1996", "DestinationPortName": "-", "SourceIsIpv6": "false", "Initiated": "true", "DestinationIp": "142.250.98.153", "SourcePortName": "-", "Image": "C:\\Users\\admin\\AppData\\Local\\Programs\\Python\\Python37\\pythonw.exe", "RuleName": "Usermode", "DestinationHostname": "-", "UtcTime": "2022-07-27 18:14:10.038", "User": "work\\admin", "DestinationPort": "443", "ProcessGuid": "5240FBE6-8007-62E1-3A00-000000002400", "SourcePort": "49191", "Protocol": "tcp", "SourceHostname": "-", "SourceIp": "192.168.122.10", "DestinationIsIpv6": "false"}}, {"values": {"EventID": "3", "ProcessId": "1996", "DestinationPortName": "-", "SourceIsIpv6": "false", "DestinationIp": "142.250.98.153", "Initiated": "true", "SourcePortName": "-", "Image": "C:\\Users\\admin\\AppData\\Local\\Programs\\Python\\Python37\\pythonw.exe", "RuleName": "Usermode", "DestinationHostname": "-", "UtcTime": "2022-07-27 18:14:15.269", "User": "work\\admin", "DestinationPort": "443", "ProcessGuid": "5240FBE6-8007-62E1-3A00-000000002400", "SourcePort": "49194", "Protocol": "tcp", "SourceHostname": "-", "SourceIp": "192.168.122.10", "DestinationIsIpv6": "false"}}, {"values": {"EventID": "3", "ProcessId": "1996", "DestinationPortName": "-", "Protocol": "tcp", "DestinationIp": "142.250.98.153", "Initiated": "true", "SourcePortName": "-", "Image": "C:\\Users\\admin\\AppData\\Local\\Programs\\Python\\Python37\\pythonw.exe", "RuleName": "Usermode", "DestinationHostname": "-", "UtcTime": "2022-07-27 18:14:21.021", "User": "work\\admin", "DestinationPort": "443", "ProcessGuid": "5240FBE6-8007-62E1-3A00-000000002400", "SourcePort": "49195", "SourceIsIpv6": "false", "SourceHostname": "-", "SourceIp": "192.168.122.10", "DestinationIsIpv6": "false"}}, {"values": {"EventID": "3", "ProcessId": "1996", "DestinationPortName": "-", "Protocol": "tcp", "DestinationIp": "142.250.98.153", "Initiated": "true", "SourcePortName": "-", "Image": "C:\\Users\\admin\\AppData\\Local\\Programs\\Python\\Python37\\pythonw.exe", "RuleName": "Usermode", "DestinationHostname": "-", "UtcTime": "2022-07-27 18:14:21.498", "User": "work\\admin", "DestinationPort": "443", "ProcessGuid": "5240FBE6-8007-62E1-3A00-000000002400", "SourcePort": "49196", "SourceIsIpv6": "false", "SourceHostname": "-", "SourceIp": "192.168.122.10", "DestinationIsIpv6": "false"}}, {"values": {"EventID": "3", "ProcessId": "1996", "DestinationPortName": "-", "SourceIsIpv6": "false", "Initiated": "true", "DestinationIp": "142.250.98.153", "SourcePortName": "-", "Image": "C:\\Users\\admin\\AppData\\Local\\Programs\\Python\\Python37\\pythonw.exe", "RuleName": "Usermode", "DestinationHostname": "-", "UtcTime": "2022-07-27 18:14:26.765", "User": "work\\admin", "DestinationPort": "443", "ProcessGuid": "5240FBE6-8007-62E1-3A00-000000002400", "SourcePort": "49197", "Protocol": "tcp", "SourceHostname": "-", "SourceIp": "192.168.122.10", "DestinationIsIpv6": "false"}}, {"values": {"EventID": "3", "ProcessId": "1996", "DestinationPortName": "-", "Protocol": "tcp", "Initiated": "true", "DestinationIp": "142.250.98.153", "SourcePortName": "-", "Image": "C:\\Users\\admin\\AppData\\Local\\Programs\\Python\\Python37\\pythonw.exe", "RuleName": "Usermode", "DestinationHostname": "-", "UtcTime": "2022-07-27 18:14:32.358", "User": "work\\admin", "DestinationPort": "443", "ProcessGuid": "5240FBE6-8007-62E1-3A00-000000002400", "SourcePort": "49198", "SourceIsIpv6": "false", "SourceHostname": "-", "SourceIp": "192.168.122.10", "DestinationIsIpv6": "false"}}, {"values": {"EventID": "3", "ProcessId": "1996", "DestinationPortName": "-", "SourceIsIpv6": "false", "Initiated": "true", "DestinationIp": "142.250.98.153", "SourcePortName": "-", "Image": "C:\\Users\\admin\\AppData\\Local\\Programs\\Python\\Python37\\pythonw.exe", "RuleName": "Usermode", "DestinationHostname": "-", "UtcTime": "2022-07-27 18:14:32.842", "User": "work\\admin", "DestinationPort": "443", "ProcessGuid": "5240FBE6-8007-62E1-3A00-000000002400", "SourcePort": "49199", "Protocol": "tcp", "SourceHostname": "-", "SourceIp": "192.168.122.10", "DestinationIsIpv6": "false"}}, {"values": {"EventID": "3", "ProcessId": "1996", "DestinationPortName": "-", "Protocol": "tcp", "DestinationIp": "142.250.98.153", "Initiated": "true", "SourcePortName": "-", "Image": "C:\\Users\\admin\\AppData\\Local\\Programs\\Python\\Python37\\pythonw.exe", "RuleName": "Usermode", "DestinationHostname": "-", "UtcTime": "2022-07-27 18:14:38.059", "User": "work\\admin", "DestinationPort": "443", "ProcessGuid": "5240FBE6-8007-62E1-3A00-000000002400", "SourcePort": "49200", "SourceIsIpv6": "false", "SourceHostname": "-", "SourceIp": "192.168.122.10", "DestinationIsIpv6": "false"}}], "rule_level": "high", "rule_description": "Adversaries may attempt to get a listing of services running on remote hosts, including those that may be vulnerable to remote software exploitation", "rule_source": "Sigma Integrated Rule Set (GitHub)", "rule_title": "Python Initiated Connection", "rule_id": "e4d5f1be0673fa786cc8379c15338af08cdd11eed433bead9e801d6204d42a2d", "rule_author": "frack113"}, {"match_context": [{"values": {"EventID": "4104", "ScriptBlockText": "2a9050b8b5565911bbd3de0f9fdb41c96563509fc86f87745820109398fd58d8", "ScriptBlockId": "bbf3a3e1-ce94-4829-8cc5-9f321ac0dec3", "MessageNumber": "\u0001", "Path": "", "MessageTotal": "\u0001"}}, {"values": {"EventID": "4104", "ScriptBlockText": "2a9050b8b5565911bbd3de0f9fdb41c96563509fc86f87745820109398fd58d8", "ScriptBlockId": "a8fc9a08-4cbb-42fc-8ff7-284fdbed2db0", "MessageNumber": "\u0001", "MessageTotal": "\u0001", "Path": ""}}, {"values": {"EventID": "4104", "ScriptBlockText": "67e63d45d448f33e6caae2748fa4e4386e39e03ed4d513ad1973d1d5ea0eca19", "ScriptBlockId": "433683d8-7ef2-4835-813d-447c8e694d8f", "MessageNumber": "\u0003", "Path": "", "MessageTotal": "\u0011"}}, {"values": {"EventID": "4104", "ScriptBlockText": "c4577c5365e1f143c4327a6ac97e429f51043a77b0a9222a6f4a3efa3c0a263b", "ScriptBlockId": "433683d8-7ef2-4835-813d-447c8e694d8f", "MessageNumber": "\u0004", "MessageTotal": "\u0011", "Path": ""}}, {"values": {"EventID": "4104", "ScriptBlockText": "cd2bba84fc1ea991e6b5e60857c282d076aa7aa0344918d638465ee220b9058a", "ScriptBlockId": "433683d8-7ef2-4835-813d-447c8e694d8f", "MessageNumber": "\u0005", "MessageTotal": "\u0011", "Path": ""}}, {"values": {"EventID": "4104", "ScriptBlockText": "ccb008438385a50fa21d41e649517fd09d38854e98cac2a162db49a5abec2095", "ScriptBlockId": "433683d8-7ef2-4835-813d-447c8e694d8f", "MessageNumber": "\u0006", "Path": "", "MessageTotal": "\u0011"}}, {"values": {"EventID": "4104", "ScriptBlockText": "1ae6cde4104e689d5920487c020326c69eadf2008d36db22c19f97a86a84115b", "ScriptBlockId": "433683d8-7ef2-4835-813d-447c8e694d8f", "MessageNumber": "\t", "Path": "", "MessageTotal": "\u0011"}}, {"values": {"EventID": "4104", "ScriptBlockId": "433683d8-7ef2-4835-813d-447c8e694d8f", "ScriptBlockText": "cf21bceec7054af6cb152641bc23123cffaa9d46ab38375f01fa9ef162d32ffa", "MessageNumber": "\u000b", "MessageTotal": "\u0011", "Path": ""}}, {"values": {"EventID": "4104", "ScriptBlockText": "3a29c48ac018541e8ad62e003ecc911f8c58d9bb495eaed30b111bb270dcb547", "ScriptBlockId": "433683d8-7ef2-4835-813d-447c8e694d8f", "MessageNumber": "\u000e", "MessageTotal": "\u0011", "Path": ""}}, {"values": {"EventID": "4104", "ScriptBlockText": "67e63d45d448f33e6caae2748fa4e4386e39e03ed4d513ad1973d1d5ea0eca19", "ScriptBlockId": "f91fe441-2c97-464e-a21d-48725cca8468", "MessageNumber": "\u0003", "MessageTotal": "\u0011", "Path": ""}}, {"values": {"EventID": "4104", "ScriptBlockText": "c4577c5365e1f143c4327a6ac97e429f51043a77b0a9222a6f4a3efa3c0a263b", "ScriptBlockId": "f91fe441-2c97-464e-a21d-48725cca8468", "MessageNumber": "\u0004", "Path": "", "MessageTotal": "\u0011"}}, {"values": {"EventID": "4104", "ScriptBlockText": "cd2bba84fc1ea991e6b5e60857c282d076aa7aa0344918d638465ee220b9058a", "ScriptBlockId": "f91fe441-2c97-464e-a21d-48725cca8468", "MessageNumber": "\u0005", "Path": "", "MessageTotal": "\u0011"}}, {"values": {"EventID": "4104", "ScriptBlockId": "f91fe441-2c97-464e-a21d-48725cca8468", "ScriptBlockText": "ccb008438385a50fa21d41e649517fd09d38854e98cac2a162db49a5abec2095", "MessageNumber": "\u0006", "MessageTotal": "\u0011", "Path": ""}}, {"values": {"EventID": "4104", "ScriptBlockText": "1ae6cde4104e689d5920487c020326c69eadf2008d36db22c19f97a86a84115b", "ScriptBlockId": "f91fe441-2c97-464e-a21d-48725cca8468", "MessageNumber": "\t", "Path": "", "MessageTotal": "\u0011"}}, {"values": {"EventID": "4104", "ScriptBlockText": "cf21bceec7054af6cb152641bc23123cffaa9d46ab38375f01fa9ef162d32ffa", "ScriptBlockId": "f91fe441-2c97-464e-a21d-48725cca8468", "MessageNumber": "\u000b", "Path": "", "MessageTotal": "\u0011"}}, {"values": {"EventID": "4104", "ScriptBlockText": "3a29c48ac018541e8ad62e003ecc911f8c58d9bb495eaed30b111bb270dcb547", "ScriptBlockId": "f91fe441-2c97-464e-a21d-48725cca8468", "MessageNumber": "\u000e", "Path": "", "MessageTotal": "\u0011"}}], "rule_level": "medium", "rule_description": "Adversaries may abuse the Windows Task Scheduler to perform task scheduling for initial or recurring execution of malicious code", "rule_source": "Sigma Integrated Rule Set (GitHub)", "rule_title": "Powershell Create Scheduled Task", "rule_id": "60d527fe5a592cbe8e98428d1412743b909d5625ec8bc91d20e8b6ee8b36db20", "rule_author": "frack113"}, {"match_context": [{"values": {"EventID": "5038", "param1": "\\Device\\HarddiskVolume4\\Program Files (x86)\\sandbox\\driver\\sandbox-driver.sys"}}], "rule_level": "low", "rule_description": "Code integrity failures may indicate tampered executables.", "rule_source": "Sigma Integrated Rule Set (GitHub)", "rule_title": "Failed Code Integrity Checks", "rule_id": "134564d292d785dff102940b8a1ee06dba2d462c5fb852124b3771a49d7885f1", "rule_author": "Thomas Patzke"}, {"match_context": [{"values": {"EventID": "11", "ProcessId": "1996", "Image": "C:\\Users\\admin\\AppData\\Local\\Programs\\Python\\Python37\\pythonw.exe", "RuleName": "EXE", "CreationUtcTime": "2022-07-27 18:12:57.421", "UtcTime": "2022-07-27 18:12:57.421", "ProcessGuid": "5240FBE6-8007-62E1-3A00-000000002400", "TargetFilename": "C:\\Users\\admin\\AppData\\Local\\Temp\\frida-c88a29f39c18b8f5ce7cc1fc1fdf40a5\\frida-winjector-helper-32.exe"}}, 